Сгенерированы параметры 
	 g: 7 
	 p: 171381784290360342944037124112513416862539890974829620237204919971470744949879
Алисой вычислен закрытый ключ x: 104736086151666095344163418531636376242537867180237001590084819322258592856841
Алисой сгенерирован открытый ключ k: 64091985845301990525644012151091439629560292396073498497052665372963219312122
Бобом вычислен закрытый ключ y: 165967786598198365283913113723609781640609907119603094966350330627958302571527
Бобом вычислен параметр z (обратный элемент к y): 17073425284213151606998979272166836179421366979845175607066845438961652452461
Бобом сгенерирован открытый ключ d: 132203092224849294567767926555427277940094570154334598348370077959639617695558
Алисой вычислен параметр m: 62195513860995938576908925422700047780220050816863935090505276886157633163686
Бобом вычислен параметр k: 64091985845301990525644012151091439629560292396073498497052665372963219312122
Сгенерированы параметры 
	 g: 2 
	 p: 166262891695967219031606403741111333360236255493953457848617196748758479293187
Алисой вычислен закрытый ключ x: 158470997937402785665114808010468228856259010626702410610422016369184639729671
Алисой сгенерирован открытый ключ k: 74657905337429241662246309911091906558731373027696572438051320007202698841834
Бобом вычислен закрытый ключ y: 85328318754450480473509911561822561027111099762604203029471463688734969252129
Бобом вычислен параметр z (обратный элемент к y): 109407897057797843613289157183690043890174087693525671613162599961159457371385
Бобом сгенерирован открытый ключ d: 87737286297678445975190896246803845360825072365655993657276271785661421331338
Алисой вычислен параметр m: 59956416922138348022141452442718571787324484671942923270193830269019834776323
Бобом вычислен параметр k: 74657905337429241662246309911091906558731373027696572438051320007202698841834
